<?xml version="1.0" encoding="UTF-8"?>
<testng-results ignored="0" total="4" passed="4" failed="0" skipped="0">
  <reporter-output>
  </reporter-output>
  <suite started-at="2022-09-05T12:24:17 IST" name="Automation Suite" finished-at="2022-09-05T12:24:40 IST" duration-ms="22795">
    <groups>
    </groups>
    <test started-at="2022-09-05T12:24:17 IST" name="SanityTest" finished-at="2022-09-05T12:24:40 IST" duration-ms="22795">
      <class name="com.testng.demo.UserRegistrationDemo">
        <test-method is-config="true" signature="launchApplication()[pri:0, instance:com.testng.demo.UserRegistrationDemo@5677323c]" started-at="2022-09-05T12:24:18 IST" name="launchApplication" finished-at="2022-09-05T12:24:28 IST" duration-ms="10742" status="PASS">
          <reporter-output>
          </reporter-output>
        </test-method> <!-- launchApplication -->
        <test-method signature="navigateToRegistrationForm()[pri:1, instance:com.testng.demo.UserRegistrationDemo@5677323c]" started-at="2022-09-05T12:24:28 IST" name="navigateToRegistrationForm" finished-at="2022-09-05T12:24:31 IST" duration-ms="2443" status="PASS">
          <reporter-output>
          </reporter-output>
        </test-method> <!-- navigateToRegistrationForm -->
        <test-method signature="titleValidation()[pri:2, instance:com.testng.demo.UserRegistrationDemo@5677323c]" started-at="2022-09-05T12:24:31 IST" name="titleValidation" finished-at="2022-09-05T12:24:31 IST" duration-ms="67" status="PASS">
          <reporter-output>
          </reporter-output>
        </test-method> <!-- titleValidation -->
        <test-method signature="userRegistration()[pri:3, instance:com.testng.demo.UserRegistrationDemo@5677323c]" started-at="2022-09-05T12:24:31 IST" name="userRegistration" finished-at="2022-09-05T12:24:36 IST" duration-ms="5190" status="PASS">
          <reporter-output>
          </reporter-output>
        </test-method> <!-- userRegistration -->
        <test-method signature="successMessageValidation()[pri:4, instance:com.testng.demo.UserRegistrationDemo@5677323c]" started-at="2022-09-05T12:24:36 IST" name="successMessageValidation" finished-at="2022-09-05T12:24:36 IST" duration-ms="55" status="PASS">
          <reporter-output>
          </reporter-output>
        </test-method> <!-- successMessageValidation -->
        <test-method is-config="true" signature="closeApplication()[pri:0, instance:com.testng.demo.UserRegistrationDemo@5677323c]" started-at="2022-09-05T12:24:36 IST" name="closeApplication" finished-at="2022-09-05T12:24:40 IST" duration-ms="4178" status="PASS">
          <reporter-output>
          </reporter-output>
        </test-method> <!-- closeApplication -->
      </class> <!-- com.testng.demo.UserRegistrationDemo -->
    </test> <!-- SanityTest -->
  </suite> <!-- Automation Suite -->
</testng-results>
