<?xml version="1.0" encoding="UTF-8"?>
<testng-results ignored="0" total="4" passed="4" failed="0" skipped="0">
  <reporter-output>
  </reporter-output>
  <suite started-at="2022-12-20T21:37:32 IST" name="Automation Suite" finished-at="2022-12-20T21:38:07 IST" duration-ms="35617">
    <groups>
    </groups>
    <test started-at="2022-12-20T21:37:32 IST" name="SanityTest" finished-at="2022-12-20T21:38:07 IST" duration-ms="35617">
      <class name="com.testng.demo.UserRegistrationDemo">
        <test-method is-config="true" signature="launchApplication()[pri:0, instance:com.testng.demo.UserRegistrationDemo@5677323c]" started-at="2022-12-20T21:37:32 IST" name="launchApplication" finished-at="2022-12-20T21:37:55 IST" duration-ms="22907" status="PASS">
          <reporter-output>
          </reporter-output>
        </test-method> <!-- launchApplication -->
        <test-method signature="navigateToRegistrationForm()[pri:1, instance:com.testng.demo.UserRegistrationDemo@5677323c]" started-at="2022-12-20T21:37:55 IST" name="navigateToRegistrationForm" finished-at="2022-12-20T21:37:57 IST" duration-ms="2810" status="PASS">
          <reporter-output>
          </reporter-output>
        </test-method> <!-- navigateToRegistrationForm -->
        <test-method signature="titleValidation()[pri:2, instance:com.testng.demo.UserRegistrationDemo@5677323c]" started-at="2022-12-20T21:37:57 IST" name="titleValidation" finished-at="2022-12-20T21:37:58 IST" duration-ms="90" status="PASS">
          <reporter-output>
          </reporter-output>
        </test-method> <!-- titleValidation -->
        <test-method signature="userRegistration()[pri:3, instance:com.testng.demo.UserRegistrationDemo@5677323c]" started-at="2022-12-20T21:37:58 IST" name="userRegistration" finished-at="2022-12-20T21:38:04 IST" duration-ms="6302" status="PASS">
          <reporter-output>
          </reporter-output>
        </test-method> <!-- userRegistration -->
        <test-method signature="successMessageValidation()[pri:4, instance:com.testng.demo.UserRegistrationDemo@5677323c]" started-at="2022-12-20T21:38:04 IST" name="successMessageValidation" finished-at="2022-12-20T21:38:04 IST" duration-ms="65" status="PASS">
          <reporter-output>
          </reporter-output>
        </test-method> <!-- successMessageValidation -->
        <test-method is-config="true" signature="closeApplication()[pri:0, instance:com.testng.demo.UserRegistrationDemo@5677323c]" started-at="2022-12-20T21:38:04 IST" name="closeApplication" finished-at="2022-12-20T21:38:07 IST" duration-ms="3325" status="PASS">
          <reporter-output>
          </reporter-output>
        </test-method> <!-- closeApplication -->
      </class> <!-- com.testng.demo.UserRegistrationDemo -->
    </test> <!-- SanityTest -->
  </suite> <!-- Automation Suite -->
</testng-results>
