<?xml version="1.0" encoding="UTF-8"?>
<!-- Generated by org.testng.reporters.JUnitXMLReporter -->
<testsuite ignored="0" hostname="DELL" failures="0" tests="4" name="Default test" time="25.63" errors="0" timestamp="2022-08-26T11:01:49 IST">
  <testcase classname="com.testng.demo.UserRegistrationDemo" name="navigateToRegistrationForm" time="4.522"/>
  <testcase classname="com.testng.demo.UserRegistrationDemo" name="titleValidation" time="0.056"/>
  <testcase classname="com.testng.demo.UserRegistrationDemo" name="userRegistration" time="4.562"/>
  <testcase classname="com.testng.demo.UserRegistrationDemo" name="successMessageValidation" time="0.04"/>
</testsuite> <!-- Default test -->
