<?xml version="1.0" encoding="UTF-8"?>
<!-- Generated by org.testng.reporters.JUnitXMLReporter -->
<testsuite ignored="0" hostname="DELL" failures="0" tests="4" name="SanityTest" time="47.917" errors="0" timestamp="2022-08-26T11:02:53 IST">
  <testcase classname="com.testng.demo.UserRegistrationDemo" name="navigateToRegistrationForm" time="5.771"/>
  <testcase classname="com.testng.demo.UserRegistrationDemo" name="titleValidation" time="0.04"/>
  <testcase classname="com.testng.demo.UserRegistrationDemo" name="userRegistration" time="4.763"/>
  <testcase classname="com.testng.demo.UserRegistrationDemo" name="successMessageValidation" time="0.048"/>
</testsuite> <!-- SanityTest -->
