<?xml version="1.0" encoding="UTF-8"?>
<!-- Generated by org.testng.reporters.JUnitXMLReporter -->
<testsuite ignored="0" hostname="DELL" failures="0" tests="4" name="SanityTest" time="35.617" errors="0" timestamp="2022-12-20T21:38:07 IST">
  <testcase classname="com.testng.demo.UserRegistrationDemo" name="navigateToRegistrationForm" time="2.81"/>
  <testcase classname="com.testng.demo.UserRegistrationDemo" name="titleValidation" time="0.09"/>
  <testcase classname="com.testng.demo.UserRegistrationDemo" name="userRegistration" time="6.302"/>
  <testcase classname="com.testng.demo.UserRegistrationDemo" name="successMessageValidation" time="0.065"/>
</testsuite> <!-- SanityTest -->
